<?xml version="1.0" encoding="UTF-8" standalone="no"?>
<!DOCTYPE log SYSTEM "logger.dtd">
<log>
<record>
  <date>2019-08-13T14:02:59</date>
  <millis>1565679779077</millis>
  <sequence>0</sequence>
  <level>START</level>
  <class>com.kms.katalon.core.logging.XmlKeywordLogger</class>
  <method>startSuite</method>
  <thread>1</thread>
  <message>Start Test Suite : Test Suites/Regression</message>
  <nestedLevel>0</nestedLevel>
  <property name="name">Regression</property>
  <property name="description"></property>
  <property name="id">Test Suites/Regression</property>
</record>
<record>
  <date>2019-08-13T14:02:59</date>
  <millis>1565679779089</millis>
  <sequence>1</sequence>
  <level>RUN_DATA</level>
  <class>com.kms.katalon.core.logging.XmlKeywordLogger</class>
  <method>logMessage</method>
  <thread>1</thread>
  <message>hostName = lieuhuynh - 584ZQN2.kms.com.vn</message>
  <nestedLevel>0</nestedLevel>
  <property name="hostName">lieuhuynh - 584ZQN2.kms.com.vn</property>
</record>
<record>
  <date>2019-08-13T14:02:59</date>
  <millis>1565679779090</millis>
  <sequence>2</sequence>
  <level>RUN_DATA</level>
  <class>com.kms.katalon.core.logging.XmlKeywordLogger</class>
  <method>logMessage</method>
  <thread>1</thread>
  <message>os = Windows 10 64bit</message>
  <nestedLevel>0</nestedLevel>
  <property name="os">Windows 10 64bit</property>
</record>
<record>
  <date>2019-08-13T14:02:59</date>
  <millis>1565679779090</millis>
  <sequence>3</sequence>
  <level>RUN_DATA</level>
  <class>com.kms.katalon.core.logging.XmlKeywordLogger</class>
  <method>logMessage</method>
  <thread>1</thread>
  <message>hostAddress = 192.168.56.1</message>
  <nestedLevel>0</nestedLevel>
  <property name="hostAddress">192.168.56.1</property>
</record>
<record>
  <date>2019-08-13T14:02:59</date>
  <millis>1565679779091</millis>
  <sequence>4</sequence>
  <level>RUN_DATA</level>
  <class>com.kms.katalon.core.logging.XmlKeywordLogger</class>
  <method>logMessage</method>
  <thread>1</thread>
  <message>katalonVersion = 6.4.0.14</message>
  <nestedLevel>0</nestedLevel>
  <property name="katalonVersion">6.4.0.14</property>
</record>
<record>
  <date>2019-08-13T14:02:59</date>
  <millis>1565679779257</millis>
  <sequence>5</sequence>
  <level>START</level>
  <class>com.kms.katalon.core.logging.XmlKeywordLogger</class>
  <method>startTest</method>
  <thread>1</thread>
  <message>Start Test Case : Test Cases/home/my account/login/TC_Verify Sign in function</message>
  <nestedLevel>1</nestedLevel>
  <property name="name">Test Cases/home/my account/login/TC_Verify Sign in function</property>
  <property name="description"></property>
  <property name="id">Test Cases/home/my account/login/TC_Verify Sign in function</property>
  <property name="source">C:\\Users\\lieuhuynh\\Katalon Studio\\shopping-cart-tests\\Test Cases\\home\\my account\\login\\TC_Verify Sign in function.tc</property>
  <property name="tag"></property>
  <property name="isOptional">false</property>
</record>
<record>
  <date>2019-08-13T14:02:59</date>
  <millis>1565679779420</millis>
  <sequence>7</sequence>
  <level>INFO</level>
  <class>com.kms.katalon.core.logging.XmlKeywordLogger</class>
  <method>logMessage</method>
  <thread>1</thread>
  <message>(Default) username = customer</message>
  <nestedLevel>1</nestedLevel>
</record>
<record>
  <date>2019-08-13T14:02:59</date>
  <millis>1565679779429</millis>
  <sequence>8</sequence>
  <level>INFO</level>
  <class>com.kms.katalon.core.logging.XmlKeywordLogger</class>
  <method>logMessage</method>
  <thread>1</thread>
  <message>(Default) password = 123456789</message>
  <nestedLevel>1</nestedLevel>
</record>
<record>
  <date>2019-08-13T14:02:59</date>
  <millis>1565679779436</millis>
  <sequence>9</sequence>
  <level>INFO</level>
  <class>com.kms.katalon.core.logging.XmlKeywordLogger</class>
  <method>logMessage</method>
  <thread>1</thread>
  <message>(Default) pageName = login</message>
  <nestedLevel>1</nestedLevel>
</record>
<record>
  <date>2019-08-13T14:02:59</date>
  <millis>1565679779438</millis>
  <sequence>10</sequence>
  <level>START</level>
  <class>com.kms.katalon.core.logging.XmlKeywordLogger</class>
  <method>startKeyword</method>
  <thread>1</thread>
  <message>Start listener action : enableSauceLabs</message>
  <nestedLevel>1</nestedLevel>
</record>
<record>
  <date>2019-08-13T14:02:59</date>
  <millis>1565679779451</millis>
  <sequence>12</sequence>
  <level>INFO</level>
  <class>com.kms.katalon.core.logging.XmlKeywordLogger</class>
  <method>logMessage</method>
  <thread>1</thread>
  <message>[SAUCELABS] Current run configuration: Chrome</message>
  <nestedLevel>1</nestedLevel>
</record>
<record>
  <date>2019-08-13T14:02:59</date>
  <millis>1565679779454</millis>
  <sequence>13</sequence>
  <level>INFO</level>
  <class>com.kms.katalon.core.logging.XmlKeywordLogger</class>
  <method>logMessage</method>
  <thread>1</thread>
  <message>[SAUCELABS] Saucelabs Plugin will not attempt to auto update job status and information !</message>
  <nestedLevel>1</nestedLevel>
</record>
<record>
  <date>2019-08-13T14:02:59</date>
  <millis>1565679779455</millis>
  <sequence>15</sequence>
  <level>END</level>
  <class>com.kms.katalon.core.logging.XmlKeywordLogger</class>
  <method>endKeyword</method>
  <thread>1</thread>
  <message>End listener action : enableSauceLabs</message>
  <nestedLevel>1</nestedLevel>
</record>
<record>
  <date>2019-08-13T14:02:59</date>
  <millis>1565679779725</millis>
  <sequence>16</sequence>
  <level>START</level>
  <class>com.kms.katalon.core.logging.XmlKeywordLogger</class>
  <method>startKeyword</method>
  <thread>1</thread>
  <message>Start action : callTestCase(findTestCase(\&amp;quot;home/my account/login/component/openBrowser\&amp;quot;), null)</message>
  <nestedLevel>1</nestedLevel>
  <property name="startLine">17</property>
  <property name="stepIndex">1</property>
  <property name="description">open Browser</property>
</record>
<record>
  <date>2019-08-13T14:02:59</date>
  <millis>1565679779835</millis>
  <sequence>19</sequence>
  <level>START</level>
  <class>com.kms.katalon.core.logging.XmlKeywordLogger</class>
  <method>startTest</method>
  <thread>1</thread>
  <message>Start Test Case : Test Cases/home/my account/login/component/openBrowser</message>
  <nestedLevel>2</nestedLevel>
  <property name="name">Test Cases/home/my account/login/component/openBrowser</property>
  <property name="description"></property>
  <property name="id">Test Cases/home/my account/login/component/openBrowser</property>
  <property name="source">C:\\Users\\lieuhuynh\\Katalon Studio\\shopping-cart-tests\\Test Cases\\home\\my account\\login\\component\\openBrowser.tc</property>
  <property name="tag"></property>
  <property name="isOptional">false</property>
</record>
<record>
  <date>2019-08-13T14:02:59</date>
  <millis>1565679779967</millis>
  <sequence>21</sequence>
  <level>START</level>
  <class>com.kms.katalon.core.logging.XmlKeywordLogger</class>
  <method>startKeyword</method>
  <thread>1</thread>
  <message>Start action : openBrowser(null)</message>
  <nestedLevel>1</nestedLevel>
  <property name="startLine">17</property>
  <property name="stepIndex">1</property>
  <property name="description">open browser</property>
</record>
<record>
  <date>2019-08-13T14:03:00</date>
  <millis>1565679780106</millis>
  <sequence>23</sequence>
  <level>INFO</level>
  <class>com.kms.katalon.core.logging.XmlKeywordLogger</class>
  <method>logMessage</method>
  <thread>1</thread>
  <message>Starting &amp;apos;Chrome&amp;apos; driver</message>
  <nestedLevel>2</nestedLevel>
</record>
<record>
  <date>2019-08-13T14:03:00</date>
  <millis>1565679780129</millis>
  <sequence>25</sequence>
  <level>INFO</level>
  <class>com.kms.katalon.core.logging.XmlKeywordLogger</class>
  <method>logMessage</method>
  <thread>1</thread>
  <message>Action delay is set to 0 seconds</message>
  <nestedLevel>2</nestedLevel>
</record>
<record>
  <date>2019-08-13T14:03:02</date>
  <millis>1565679782866</millis>
  <sequence>27</sequence>
  <level>RUN_DATA</level>
  <class>com.kms.katalon.core.logging.XmlKeywordLogger</class>
  <method>logMessage</method>
  <thread>1</thread>
  <message>sessionId = 6bafa0c842959178ed5a6fb6a98ca106</message>
  <nestedLevel>2</nestedLevel>
  <property name="sessionId">6bafa0c842959178ed5a6fb6a98ca106</property>
</record>
<record>
  <date>2019-08-13T14:03:02</date>
  <millis>1565679782886</millis>
  <sequence>28</sequence>
  <level>RUN_DATA</level>
  <class>com.kms.katalon.core.logging.XmlKeywordLogger</class>
  <method>logMessage</method>
  <thread>1</thread>
  <message>browser = Chrome 76.0.3809.100</message>
  <nestedLevel>2</nestedLevel>
  <property name="browser">Chrome 76.0.3809.100</property>
</record>
<record>
  <date>2019-08-13T14:03:02</date>
  <millis>1565679782887</millis>
  <sequence>29</sequence>
  <level>RUN_DATA</level>
  <class>com.kms.katalon.core.logging.XmlKeywordLogger</class>
  <method>logMessage</method>
  <thread>1</thread>
  <message>platform = Windows 10</message>
  <nestedLevel>2</nestedLevel>
  <property name="platform">Windows 10</property>
</record>
<record>
  <date>2019-08-13T14:03:02</date>
  <millis>1565679782887</millis>
  <sequence>30</sequence>
  <level>RUN_DATA</level>
  <class>com.kms.katalon.core.logging.XmlKeywordLogger</class>
  <method>logMessage</method>
  <thread>1</thread>
  <message>seleniumVersion = 3.141.59</message>
  <nestedLevel>2</nestedLevel>
  <property name="seleniumVersion">3.141.59</property>
</record>
<record>
  <date>2019-08-13T14:03:02</date>
  <millis>1565679782888</millis>
  <sequence>31</sequence>
  <level>RUN_DATA</level>
  <class>com.kms.katalon.core.logging.XmlKeywordLogger</class>
  <method>logMessage</method>
  <thread>1</thread>
  <message>proxyInformation = ProxyInformation{proxyOption=NO_PROXY, proxyServerType=HTTP, password=, proxyServerAddress=, proxyServerPort=0}</message>
  <nestedLevel>2</nestedLevel>
  <property name="proxyInformation">ProxyInformation{proxyOption=NO_PROXY, proxyServerType=HTTP, password=, proxyServerAddress=, proxyServerPort=0}</property>
</record>
<record>
  <date>2019-08-13T14:03:02</date>
  <millis>1565679782888</millis>
  <sequence>32</sequence>
  <level>PASSED</level>
  <class>com.kms.katalon.core.logging.XmlKeywordLogger</class>
  <method>logMessage</method>
  <thread>1</thread>
  <message>Browser is opened with url: &amp;apos;null&amp;apos;</message>
  <nestedLevel>2</nestedLevel>
</record>
<record>
  <date>2019-08-13T14:03:02</date>
  <millis>1565679782888</millis>
  <sequence>33</sequence>
  <level>END</level>
  <class>com.kms.katalon.core.logging.XmlKeywordLogger</class>
  <method>endKeyword</method>
  <thread>1</thread>
  <message>End action : openBrowser(null)</message>
  <nestedLevel>1</nestedLevel>
</record>
<record>
  <date>2019-08-13T14:03:02</date>
  <millis>1565679782889</millis>
  <sequence>34</sequence>
  <level>PASSED</level>
  <class>com.kms.katalon.core.logging.XmlKeywordLogger</class>
  <method>logMessage</method>
  <thread>1</thread>
  <message>Test Cases/home/my account/login/component/openBrowser</message>
  <nestedLevel>2</nestedLevel>
</record>
<record>
  <date>2019-08-13T14:03:02</date>
  <millis>1565679782889</millis>
  <sequence>35</sequence>
  <level>END</level>
  <class>com.kms.katalon.core.logging.XmlKeywordLogger</class>
  <method>endTest</method>
  <thread>1</thread>
  <message>End Test Case : Test Cases/home/my account/login/component/openBrowser</message>
  <nestedLevel>1</nestedLevel>
</record>
<record>
  <date>2019-08-13T14:03:02</date>
  <millis>1565679782894</millis>
  <sequence>36</sequence>
  <level>PASSED</level>
  <class>com.kms.katalon.core.logging.XmlKeywordLogger</class>
  <method>logMessage</method>
  <thread>1</thread>
  <message>Call Test Case &amp;apos;Test Cases/home/my account/login/component/openBrowser&amp;apos; successfully</message>
  <nestedLevel>1</nestedLevel>
</record>
<record>
  <date>2019-08-13T14:03:02</date>
  <millis>1565679782896</millis>
  <sequence>37</sequence>
  <level>END</level>
  <class>com.kms.katalon.core.logging.XmlKeywordLogger</class>
  <method>endKeyword</method>
  <thread>1</thread>
  <message>End action : callTestCase(findTestCase(\&amp;quot;home/my account/login/component/openBrowser\&amp;quot;), null)</message>
  <nestedLevel>1</nestedLevel>
</record>
<record>
  <date>2019-08-13T14:03:02</date>
  <millis>1565679782896</millis>
  <sequence>38</sequence>
  <level>START</level>
  <class>com.kms.katalon.core.logging.XmlKeywordLogger</class>
  <method>startKeyword</method>
  <thread>1</thread>
  <message>Start action : lauchAccount = findTestCase(\&amp;quot;home/my account/login/component/navigateToURL\&amp;quot;)</message>
  <nestedLevel>1</nestedLevel>
  <property name="startLine">20</property>
  <property name="stepIndex">2</property>
  <property name="description">lauch account page</property>
</record>
<record>
  <date>2019-08-13T14:03:02</date>
  <millis>1565679782904</millis>
  <sequence>39</sequence>
  <level>END</level>
  <class>com.kms.katalon.core.logging.XmlKeywordLogger</class>
  <method>endKeyword</method>
  <thread>1</thread>
  <message>End action : lauchAccount = findTestCase(\&amp;quot;home/my account/login/component/navigateToURL\&amp;quot;)</message>
  <nestedLevel>1</nestedLevel>
</record>
<record>
  <date>2019-08-13T14:03:02</date>
  <millis>1565679782905</millis>
  <sequence>40</sequence>
  <level>START</level>
  <class>com.kms.katalon.core.logging.XmlKeywordLogger</class>
  <method>startKeyword</method>
  <thread>1</thread>
  <message>Start action : callTestCase(lauchAccount, [\&amp;quot;pageName\&amp;quot;:pageName])</message>
  <nestedLevel>1</nestedLevel>
  <property name="startLine">21</property>
  <property name="stepIndex">3</property>
</record>
<record>
  <date>2019-08-13T14:03:02</date>
  <millis>1565679782965</millis>
  <sequence>43</sequence>
  <level>START</level>
  <class>com.kms.katalon.core.logging.XmlKeywordLogger</class>
  <method>startTest</method>
  <thread>1</thread>
  <message>Start Test Case : Test Cases/home/my account/login/component/navigateToURL</message>
  <nestedLevel>2</nestedLevel>
  <property name="name">Test Cases/home/my account/login/component/navigateToURL</property>
  <property name="description"></property>
  <property name="id">Test Cases/home/my account/login/component/navigateToURL</property>
  <property name="source">C:\\Users\\lieuhuynh\\Katalon Studio\\shopping-cart-tests\\Test Cases\\home\\my account\\login\\component\\navigateToURL.tc</property>
  <property name="tag"></property>
  <property name="isOptional">false</property>
</record>
<record>
  <date>2019-08-13T14:03:02</date>
  <millis>1565679782972</millis>
  <sequence>45</sequence>
  <level>INFO</level>
  <class>com.kms.katalon.core.logging.XmlKeywordLogger</class>
  <method>logMessage</method>
  <thread>1</thread>
  <message>pageName = login</message>
  <nestedLevel>2</nestedLevel>
</record>
<record>
  <date>2019-08-13T14:03:03</date>
  <millis>1565679783096</millis>
  <sequence>46</sequence>
  <level>START</level>
  <class>com.kms.katalon.core.logging.XmlKeywordLogger</class>
  <method>startKeyword</method>
  <thread>1</thread>
  <message>Start action : pageURL = findTestCase(\&amp;quot;data/general/getPageURL\&amp;quot;)</message>
  <nestedLevel>1</nestedLevel>
  <property name="startLine">18</property>
  <property name="stepIndex">1</property>
  <property name="description">get page URL by name</property>
</record>
<record>
  <date>2019-08-13T14:03:03</date>
  <millis>1565679783100</millis>
  <sequence>47</sequence>
  <level>END</level>
  <class>com.kms.katalon.core.logging.XmlKeywordLogger</class>
  <method>endKeyword</method>
  <thread>1</thread>
  <message>End action : pageURL = findTestCase(\&amp;quot;data/general/getPageURL\&amp;quot;)</message>
  <nestedLevel>1</nestedLevel>
</record>
<record>
  <date>2019-08-13T14:03:03</date>
  <millis>1565679783100</millis>
  <sequence>48</sequence>
  <level>START</level>
  <class>com.kms.katalon.core.logging.XmlKeywordLogger</class>
  <method>startKeyword</method>
  <thread>1</thread>
  <message>Start action : URL = callTestCase(pageURL, [\&amp;quot;pageName\&amp;quot;:pageName])</message>
  <nestedLevel>1</nestedLevel>
  <property name="startLine">19</property>
  <property name="stepIndex">2</property>
</record>
<record>
  <date>2019-08-13T14:03:03</date>
  <millis>1565679783155</millis>
  <sequence>51</sequence>
  <level>START</level>
  <class>com.kms.katalon.core.logging.XmlKeywordLogger</class>
  <method>startTest</method>
  <thread>1</thread>
  <message>Start Test Case : Test Cases/data/general/getPageURL</message>
  <nestedLevel>3</nestedLevel>
  <property name="name">Test Cases/data/general/getPageURL</property>
  <property name="description"></property>
  <property name="id">Test Cases/data/general/getPageURL</property>
  <property name="source">C:\\Users\\lieuhuynh\\Katalon Studio\\shopping-cart-tests\\Test Cases\\data\\general\\getPageURL.tc</property>
  <property name="tag"></property>
  <property name="isOptional">false</property>
</record>
<record>
  <date>2019-08-13T14:03:03</date>
  <millis>1565679783160</millis>
  <sequence>53</sequence>
  <level>INFO</level>
  <class>com.kms.katalon.core.logging.XmlKeywordLogger</class>
  <method>logMessage</method>
  <thread>1</thread>
  <message>pageName = login</message>
  <nestedLevel>3</nestedLevel>
</record>
<record>
  <date>2019-08-13T14:03:03</date>
  <millis>1565679783268</millis>
  <sequence>54</sequence>
  <level>START</level>
  <class>com.kms.katalon.core.logging.XmlKeywordLogger</class>
  <method>startKeyword</method>
  <thread>1</thread>
  <message>Start action : getRelativeUrl = findTestCase(\&amp;quot;data/general/getValueInDataFile\&amp;quot;)</message>
  <nestedLevel>1</nestedLevel>
  <property name="startLine">16</property>
  <property name="stepIndex">1</property>
</record>
<record>
  <date>2019-08-13T14:03:03</date>
  <millis>1565679783271</millis>
  <sequence>55</sequence>
  <level>END</level>
  <class>com.kms.katalon.core.logging.XmlKeywordLogger</class>
  <method>endKeyword</method>
  <thread>1</thread>
  <message>End action : getRelativeUrl = findTestCase(\&amp;quot;data/general/getValueInDataFile\&amp;quot;)</message>
  <nestedLevel>1</nestedLevel>
</record>
<record>
  <date>2019-08-13T14:03:03</date>
  <millis>1565679783271</millis>
  <sequence>56</sequence>
  <level>START</level>
  <class>com.kms.katalon.core.logging.XmlKeywordLogger</class>
  <method>startKeyword</method>
  <thread>1</thread>
  <message>Start action : inputData = new java.util.HashMap()</message>
  <nestedLevel>1</nestedLevel>
  <property name="startLine">17</property>
  <property name="stepIndex">2</property>
</record>
<record>
  <date>2019-08-13T14:03:03</date>
  <millis>1565679783272</millis>
  <sequence>57</sequence>
  <level>END</level>
  <class>com.kms.katalon.core.logging.XmlKeywordLogger</class>
  <method>endKeyword</method>
  <thread>1</thread>
  <message>End action : inputData = new java.util.HashMap()</message>
  <nestedLevel>1</nestedLevel>
</record>
<record>
  <date>2019-08-13T14:03:03</date>
  <millis>1565679783272</millis>
  <sequence>58</sequence>
  <level>START</level>
  <class>com.kms.katalon.core.logging.XmlKeywordLogger</class>
  <method>startKeyword</method>
  <thread>1</thread>
  <message>Start action : inputData.put(\&amp;quot;dataFile\&amp;quot;, \&amp;quot;Constant/Page URLs\&amp;quot;)</message>
  <nestedLevel>1</nestedLevel>
  <property name="startLine">19</property>
  <property name="stepIndex">3</property>
</record>
<record>
  <date>2019-08-13T14:03:03</date>
  <millis>1565679783273</millis>
  <sequence>59</sequence>
  <level>END</level>
  <class>com.kms.katalon.core.logging.XmlKeywordLogger</class>
  <method>endKeyword</method>
  <thread>1</thread>
  <message>End action : inputData.put(\&amp;quot;dataFile\&amp;quot;, \&amp;quot;Constant/Page URLs\&amp;quot;)</message>
  <nestedLevel>1</nestedLevel>
</record>
<record>
  <date>2019-08-13T14:03:03</date>
  <millis>1565679783273</millis>
  <sequence>60</sequence>
  <level>START</level>
  <class>com.kms.katalon.core.logging.XmlKeywordLogger</class>
  <method>startKeyword</method>
  <thread>1</thread>
  <message>Start action : inputData.put(\&amp;quot;inputColumHeader\&amp;quot;, \&amp;quot;Name\&amp;quot;)</message>
  <nestedLevel>1</nestedLevel>
  <property name="startLine">20</property>
  <property name="stepIndex">4</property>
</record>
<record>
  <date>2019-08-13T14:03:03</date>
  <millis>1565679783273</millis>
  <sequence>61</sequence>
  <level>END</level>
  <class>com.kms.katalon.core.logging.XmlKeywordLogger</class>
  <method>endKeyword</method>
  <thread>1</thread>
  <message>End action : inputData.put(\&amp;quot;inputColumHeader\&amp;quot;, \&amp;quot;Name\&amp;quot;)</message>
  <nestedLevel>1</nestedLevel>
</record>
<record>
  <date>2019-08-13T14:03:03</date>
  <millis>1565679783273</millis>
  <sequence>62</sequence>
  <level>START</level>
  <class>com.kms.katalon.core.logging.XmlKeywordLogger</class>
  <method>startKeyword</method>
  <thread>1</thread>
  <message>Start action : inputData.put(\&amp;quot;criteriaText\&amp;quot;, pageName)</message>
  <nestedLevel>1</nestedLevel>
  <property name="startLine">21</property>
  <property name="stepIndex">5</property>
</record>
<record>
  <date>2019-08-13T14:03:03</date>
  <millis>1565679783273</millis>
  <sequence>63</sequence>
  <level>END</level>
  <class>com.kms.katalon.core.logging.XmlKeywordLogger</class>
  <method>endKeyword</method>
  <thread>1</thread>
  <message>End action : inputData.put(\&amp;quot;criteriaText\&amp;quot;, pageName)</message>
  <nestedLevel>1</nestedLevel>
</record>
<record>
  <date>2019-08-13T14:03:03</date>
  <millis>1565679783274</millis>
  <sequence>64</sequence>
  <level>START</level>
  <class>com.kms.katalon.core.logging.XmlKeywordLogger</class>
  <method>startKeyword</method>
  <thread>1</thread>
  <message>Start action : inputData.put(\&amp;quot;outputColumHeader\&amp;quot;, \&amp;quot;Relative URL\&amp;quot;)</message>
  <nestedLevel>1</nestedLevel>
  <property name="startLine">22</property>
  <property name="stepIndex">6</property>
</record>
<record>
  <date>2019-08-13T14:03:03</date>
  <millis>1565679783274</millis>
  <sequence>65</sequence>
  <level>END</level>
  <class>com.kms.katalon.core.logging.XmlKeywordLogger</class>
  <method>endKeyword</method>
  <thread>1</thread>
  <message>End action : inputData.put(\&amp;quot;outputColumHeader\&amp;quot;, \&amp;quot;Relative URL\&amp;quot;)</message>
  <nestedLevel>1</nestedLevel>
</record>
<record>
  <date>2019-08-13T14:03:03</date>
  <millis>1565679783274</millis>
  <sequence>66</sequence>
  <level>START</level>
  <class>com.kms.katalon.core.logging.XmlKeywordLogger</class>
  <method>startKeyword</method>
  <thread>1</thread>
  <message>Start action : relativeUrl = callTestCase(getRelativeUrl, inputData)</message>
  <nestedLevel>1</nestedLevel>
  <property name="startLine">24</property>
  <property name="stepIndex">7</property>
</record>
<record>
  <date>2019-08-13T14:03:03</date>
  <millis>1565679783329</millis>
  <sequence>69</sequence>
  <level>START</level>
  <class>com.kms.katalon.core.logging.XmlKeywordLogger</class>
  <method>startTest</method>
  <thread>1</thread>
  <message>Start Test Case : Test Cases/data/general/getValueInDataFile</message>
  <nestedLevel>4</nestedLevel>
  <property name="name">Test Cases/data/general/getValueInDataFile</property>
  <property name="description"></property>
  <property name="id">Test Cases/data/general/getValueInDataFile</property>
  <property name="source">C:\\Users\\lieuhuynh\\Katalon Studio\\shopping-cart-tests\\Test Cases\\data\\general\\getValueInDataFile.tc</property>
  <property name="tag"></property>
  <property name="isOptional">false</property>
</record>
<record>
  <date>2019-08-13T14:03:03</date>
  <millis>1565679783335</millis>
  <sequence>71</sequence>
  <level>INFO</level>
  <class>com.kms.katalon.core.logging.XmlKeywordLogger</class>
  <method>logMessage</method>
  <thread>1</thread>
  <message>dataFile = Constant/Page URLs</message>
  <nestedLevel>4</nestedLevel>
</record>
<record>
  <date>2019-08-13T14:03:03</date>
  <millis>1565679783336</millis>
  <sequence>72</sequence>
  <level>INFO</level>
  <class>com.kms.katalon.core.logging.XmlKeywordLogger</class>
  <method>logMessage</method>
  <thread>1</thread>
  <message>inputColumHeader = Name</message>
  <nestedLevel>4</nestedLevel>
</record>
<record>
  <date>2019-08-13T14:03:03</date>
  <millis>1565679783336</millis>
  <sequence>73</sequence>
  <level>INFO</level>
  <class>com.kms.katalon.core.logging.XmlKeywordLogger</class>
  <method>logMessage</method>
  <thread>1</thread>
  <message>criteriaText = login</message>
  <nestedLevel>4</nestedLevel>
</record>
<record>
  <date>2019-08-13T14:03:03</date>
  <millis>1565679783336</millis>
  <sequence>74</sequence>
  <level>INFO</level>
  <class>com.kms.katalon.core.logging.XmlKeywordLogger</class>
  <method>logMessage</method>
  <thread>1</thread>
  <message>outputColumHeader = Relative URL</message>
  <nestedLevel>4</nestedLevel>
</record>
<record>
  <date>2019-08-13T14:03:03</date>
  <millis>1565679783462</millis>
  <sequence>75</sequence>
  <level>START</level>
  <class>com.kms.katalon.core.logging.XmlKeywordLogger</class>
  <method>startKeyword</method>
  <thread>1</thread>
  <message>Start action : outputValue = \&amp;quot;\&amp;quot;</message>
  <nestedLevel>1</nestedLevel>
  <property name="startLine">16</property>
  <property name="stepIndex">1</property>
</record>
<record>
  <date>2019-08-13T14:03:03</date>
  <millis>1565679783462</millis>
  <sequence>76</sequence>
  <level>END</level>
  <class>com.kms.katalon.core.logging.XmlKeywordLogger</class>
  <method>endKeyword</method>
  <thread>1</thread>
  <message>End action : outputValue = \&amp;quot;\&amp;quot;</message>
  <nestedLevel>1</nestedLevel>
</record>
<record>
  <date>2019-08-13T14:03:03</date>
  <millis>1565679783463</millis>
  <sequence>77</sequence>
  <level>START</level>
  <class>com.kms.katalon.core.logging.XmlKeywordLogger</class>
  <method>startKeyword</method>
  <thread>1</thread>
  <message>Start action : urlList = findTestData(dataFile)</message>
  <nestedLevel>1</nestedLevel>
  <property name="startLine">17</property>
  <property name="stepIndex">2</property>
</record>
<record>
  <date>2019-08-13T14:03:03</date>
  <millis>1565679783889</millis>
  <sequence>82</sequence>
  <level>END</level>
  <class>com.kms.katalon.core.logging.XmlKeywordLogger</class>
  <method>endKeyword</method>
  <thread>1</thread>
  <message>End action : urlList = findTestData(dataFile)</message>
  <nestedLevel>1</nestedLevel>
</record>
<record>
  <date>2019-08-13T14:03:03</date>
  <millis>1565679783889</millis>
  <sequence>83</sequence>
  <level>START</level>
  <class>com.kms.katalon.core.logging.XmlKeywordLogger</class>
  <method>startKeyword</method>
  <thread>1</thread>
  <message>Start action : for ([i = 0, i &amp;lt; urlList.getRowNumbers(), (i++)])</message>
  <nestedLevel>1</nestedLevel>
  <property name="startLine">19</property>
  <property name="stepIndex">3</property>
</record>
<record>
  <date>2019-08-13T14:03:03</date>
  <millis>1565679783898</millis>
  <sequence>84</sequence>
  <level>START</level>
  <class>com.kms.katalon.core.logging.XmlKeywordLogger</class>
  <method>startKeyword</method>
  <thread>1</thread>
  <message>Start action : comparedValue = urlList.internallyGetValue(inputColumHeader, i)</message>
  <nestedLevel>2</nestedLevel>
  <property name="startLine">20</property>
  <property name="stepIndex">1</property>
</record>
<record>
  <date>2019-08-13T14:03:03</date>
  <millis>1565679783907</millis>
  <sequence>85</sequence>
  <level>END</level>
  <class>com.kms.katalon.core.logging.XmlKeywordLogger</class>
  <method>endKeyword</method>
  <thread>1</thread>
  <message>End action : comparedValue = urlList.internallyGetValue(inputColumHeader, i)</message>
  <nestedLevel>2</nestedLevel>
</record>
<record>
  <date>2019-08-13T14:03:03</date>
  <millis>1565679783908</millis>
  <sequence>86</sequence>
  <level>START</level>
  <class>com.kms.katalon.core.logging.XmlKeywordLogger</class>
  <method>startKeyword</method>
  <thread>1</thread>
  <message>Start action : if (comparedValue.equalsIgnoreCase(criteriaText))</message>
  <nestedLevel>2</nestedLevel>
  <property name="startLine">21</property>
  <property name="stepIndex">2</property>
</record>
<record>
  <date>2019-08-13T14:03:03</date>
  <millis>1565679783909</millis>
  <sequence>87</sequence>
  <level>START</level>
  <class>com.kms.katalon.core.logging.XmlKeywordLogger</class>
  <method>startKeyword</method>
  <thread>1</thread>
  <message>Start action : outputValue = urlList.internallyGetValue(outputColumHeader, i)</message>
  <nestedLevel>3</nestedLevel>
  <property name="startLine">22</property>
  <property name="stepIndex">1</property>
</record>
<record>
  <date>2019-08-13T14:03:03</date>
  <millis>1565679783910</millis>
  <sequence>88</sequence>
  <level>END</level>
  <class>com.kms.katalon.core.logging.XmlKeywordLogger</class>
  <method>endKeyword</method>
  <thread>1</thread>
  <message>End action : outputValue = urlList.internallyGetValue(outputColumHeader, i)</message>
  <nestedLevel>3</nestedLevel>
</record>
<record>
  <date>2019-08-13T14:03:03</date>
  <millis>1565679783910</millis>
  <sequence>89</sequence>
  <level>END</level>
  <class>com.kms.katalon.core.logging.XmlKeywordLogger</class>
  <method>endKeyword</method>
  <thread>1</thread>
  <message>End action : if (comparedValue.equalsIgnoreCase(criteriaText))</message>
  <nestedLevel>2</nestedLevel>
</record>
<record>
  <date>2019-08-13T14:03:03</date>
  <millis>1565679783910</millis>
  <sequence>90</sequence>
  <level>END</level>
  <class>com.kms.katalon.core.logging.XmlKeywordLogger</class>
  <method>endKeyword</method>
  <thread>1</thread>
  <message>End action : for ([i = 0, i &amp;lt; urlList.getRowNumbers(), (i++)])</message>
  <nestedLevel>1</nestedLevel>
</record>
<record>
  <date>2019-08-13T14:03:03</date>
  <millis>1565679783910</millis>
  <sequence>91</sequence>
  <level>START</level>
  <class>com.kms.katalon.core.logging.XmlKeywordLogger</class>
  <method>startKeyword</method>
  <thread>1</thread>
  <message>Start action : return outputValue</message>
  <nestedLevel>1</nestedLevel>
  <property name="startLine">26</property>
  <property name="stepIndex">4</property>
</record>
<record>
  <date>2019-08-13T14:03:03</date>
  <millis>1565679783910</millis>
  <sequence>92</sequence>
  <level>END</level>
  <class>com.kms.katalon.core.logging.XmlKeywordLogger</class>
  <method>endKeyword</method>
  <thread>1</thread>
  <message>End action : return outputValue</message>
  <nestedLevel>1</nestedLevel>
</record>
<record>
  <date>2019-08-13T14:03:03</date>
  <millis>1565679783911</millis>
  <sequence>93</sequence>
  <level>PASSED</level>
  <class>com.kms.katalon.core.logging.XmlKeywordLogger</class>
  <method>logMessage</method>
  <thread>1</thread>
  <message>Test Cases/data/general/getValueInDataFile</message>
  <nestedLevel>4</nestedLevel>
</record>
<record>
  <date>2019-08-13T14:03:03</date>
  <millis>1565679783911</millis>
  <sequence>94</sequence>
  <level>END</level>
  <class>com.kms.katalon.core.logging.XmlKeywordLogger</class>
  <method>endTest</method>
  <thread>1</thread>
  <message>End Test Case : Test Cases/data/general/getValueInDataFile</message>
  <nestedLevel>3</nestedLevel>
</record>
<record>
  <date>2019-08-13T14:03:03</date>
  <millis>1565679783911</millis>
  <sequence>95</sequence>
  <level>PASSED</level>
  <class>com.kms.katalon.core.logging.XmlKeywordLogger</class>
  <method>logMessage</method>
  <thread>1</thread>
  <message>Call Test Case &amp;apos;Test Cases/data/general/getValueInDataFile&amp;apos; successfully</message>
  <nestedLevel>3</nestedLevel>
</record>
<record>
  <date>2019-08-13T14:03:03</date>
  <millis>1565679783912</millis>
  <sequence>96</sequence>
  <level>END</level>
  <class>com.kms.katalon.core.logging.XmlKeywordLogger</class>
  <method>endKeyword</method>
  <thread>1</thread>
  <message>End action : relativeUrl = callTestCase(getRelativeUrl, inputData)</message>
  <nestedLevel>1</nestedLevel>
</record>
<record>
  <date>2019-08-13T14:03:03</date>
  <millis>1565679783912</millis>
  <sequence>97</sequence>
  <level>START</level>
  <class>com.kms.katalon.core.logging.XmlKeywordLogger</class>
  <method>startKeyword</method>
  <thread>1</thread>
  <message>Start action : return (internal.GlobalVariable.baseURL + relativeUrl)</message>
  <nestedLevel>1</nestedLevel>
  <property name="startLine">26</property>
  <property name="stepIndex">8</property>
</record>
<record>
  <date>2019-08-13T14:03:03</date>
  <millis>1565679783912</millis>
  <sequence>98</sequence>
  <level>END</level>
  <class>com.kms.katalon.core.logging.XmlKeywordLogger</class>
  <method>endKeyword</method>
  <thread>1</thread>
  <message>End action : return (internal.GlobalVariable.baseURL + relativeUrl)</message>
  <nestedLevel>1</nestedLevel>
</record>
<record>
  <date>2019-08-13T14:03:03</date>
  <millis>1565679783912</millis>
  <sequence>99</sequence>
  <level>PASSED</level>
  <class>com.kms.katalon.core.logging.XmlKeywordLogger</class>
  <method>logMessage</method>
  <thread>1</thread>
  <message>Test Cases/data/general/getPageURL</message>
  <nestedLevel>3</nestedLevel>
</record>
<record>
  <date>2019-08-13T14:03:03</date>
  <millis>1565679783913</millis>
  <sequence>100</sequence>
  <level>END</level>
  <class>com.kms.katalon.core.logging.XmlKeywordLogger</class>
  <method>endTest</method>
  <thread>1</thread>
  <message>End Test Case : Test Cases/data/general/getPageURL</message>
  <nestedLevel>2</nestedLevel>
</record>
<record>
  <date>2019-08-13T14:03:03</date>
  <millis>1565679783913</millis>
  <sequence>101</sequence>
  <level>PASSED</level>
  <class>com.kms.katalon.core.logging.XmlKeywordLogger</class>
  <method>logMessage</method>
  <thread>1</thread>
  <message>Call Test Case &amp;apos;Test Cases/data/general/getPageURL&amp;apos; successfully</message>
  <nestedLevel>2</nestedLevel>
</record>
<record>
  <date>2019-08-13T14:03:03</date>
  <millis>1565679783913</millis>
  <sequence>102</sequence>
  <level>END</level>
  <class>com.kms.katalon.core.logging.XmlKeywordLogger</class>
  <method>endKeyword</method>
  <thread>1</thread>
  <message>End action : URL = callTestCase(pageURL, [\&amp;quot;pageName\&amp;quot;:pageName])</message>
  <nestedLevel>1</nestedLevel>
</record>
<record>
  <date>2019-08-13T14:03:03</date>
  <millis>1565679783913</millis>
  <sequence>103</sequence>
  <level>START</level>
  <class>com.kms.katalon.core.logging.XmlKeywordLogger</class>
  <method>startKeyword</method>
  <thread>1</thread>
  <message>Start action : navigateToUrl(URL)</message>
  <nestedLevel>1</nestedLevel>
  <property name="startLine">22</property>
  <property name="stepIndex">3</property>
  <property name="description">navigate to URL</property>
</record>
<record>
  <date>2019-08-13T14:03:08</date>
  <millis>1565679788723</millis>
  <sequence>106</sequence>
  <level>PASSED</level>
  <class>com.kms.katalon.core.logging.XmlKeywordLogger</class>
  <method>logMessage</method>
  <thread>1</thread>
  <message>Navigate to &amp;apos;http://ecommerce-demo.katalon.com/my-account&amp;apos; successfully</message>
  <nestedLevel>2</nestedLevel>
</record>
<record>
  <date>2019-08-13T14:03:08</date>
  <millis>1565679788723</millis>
  <sequence>107</sequence>
  <level>END</level>
  <class>com.kms.katalon.core.logging.XmlKeywordLogger</class>
  <method>endKeyword</method>
  <thread>1</thread>
  <message>End action : navigateToUrl(URL)</message>
  <nestedLevel>1</nestedLevel>
</record>
<record>
  <date>2019-08-13T14:03:08</date>
  <millis>1565679788723</millis>
  <sequence>108</sequence>
  <level>PASSED</level>
  <class>com.kms.katalon.core.logging.XmlKeywordLogger</class>
  <method>logMessage</method>
  <thread>1</thread>
  <message>Test Cases/home/my account/login/component/navigateToURL</message>
  <nestedLevel>2</nestedLevel>
</record>
<record>
  <date>2019-08-13T14:03:08</date>
  <millis>1565679788723</millis>
  <sequence>109</sequence>
  <level>END</level>
  <class>com.kms.katalon.core.logging.XmlKeywordLogger</class>
  <method>endTest</method>
  <thread>1</thread>
  <message>End Test Case : Test Cases/home/my account/login/component/navigateToURL</message>
  <nestedLevel>1</nestedLevel>
</record>
<record>
  <date>2019-08-13T14:03:08</date>
  <millis>1565679788724</millis>
  <sequence>110</sequence>
  <level>PASSED</level>
  <class>com.kms.katalon.core.logging.XmlKeywordLogger</class>
  <method>logMessage</method>
  <thread>1</thread>
  <message>Call Test Case &amp;apos;Test Cases/home/my account/login/component/navigateToURL&amp;apos; successfully</message>
  <nestedLevel>1</nestedLevel>
</record>
<record>
  <date>2019-08-13T14:03:08</date>
  <millis>1565679788724</millis>
  <sequence>111</sequence>
  <level>END</level>
  <class>com.kms.katalon.core.logging.XmlKeywordLogger</class>
  <method>endKeyword</method>
  <thread>1</thread>
  <message>End action : callTestCase(lauchAccount, [\&amp;quot;pageName\&amp;quot;:pageName])</message>
  <nestedLevel>1</nestedLevel>
</record>
<record>
  <date>2019-08-13T14:03:08</date>
  <millis>1565679788724</millis>
  <sequence>112</sequence>
  <level>START</level>
  <class>com.kms.katalon.core.logging.XmlKeywordLogger</class>
  <method>startKeyword</method>
  <thread>1</thread>
  <message>Start action : inputForm = findTestCase(\&amp;quot;home/my account/login/component/inputLoginForm\&amp;quot;)</message>
  <nestedLevel>1</nestedLevel>
  <property name="startLine">24</property>
  <property name="stepIndex">4</property>
  <property name="description">input form login</property>
</record>
<record>
  <date>2019-08-13T14:03:08</date>
  <millis>1565679788743</millis>
  <sequence>113</sequence>
  <level>END</level>
  <class>com.kms.katalon.core.logging.XmlKeywordLogger</class>
  <method>endKeyword</method>
  <thread>1</thread>
  <message>End action : inputForm = findTestCase(\&amp;quot;home/my account/login/component/inputLoginForm\&amp;quot;)</message>
  <nestedLevel>1</nestedLevel>
</record>
<record>
  <date>2019-08-13T14:03:08</date>
  <millis>1565679788743</millis>
  <sequence>114</sequence>
  <level>START</level>
  <class>com.kms.katalon.core.logging.XmlKeywordLogger</class>
  <method>startKeyword</method>
  <thread>1</thread>
  <message>Start action : callTestCase(inputForm, [\&amp;quot;username\&amp;quot;:username, \&amp;quot;password\&amp;quot;:password])</message>
  <nestedLevel>1</nestedLevel>
  <property name="startLine">25</property>
  <property name="stepIndex">5</property>
</record>
<record>
  <date>2019-08-13T14:03:08</date>
  <millis>1565679788798</millis>
  <sequence>117</sequence>
  <level>START</level>
  <class>com.kms.katalon.core.logging.XmlKeywordLogger</class>
  <method>startTest</method>
  <thread>1</thread>
  <message>Start Test Case : Test Cases/home/my account/login/component/inputLoginForm</message>
  <nestedLevel>2</nestedLevel>
  <property name="name">Test Cases/home/my account/login/component/inputLoginForm</property>
  <property name="description"></property>
  <property name="id">Test Cases/home/my account/login/component/inputLoginForm</property>
  <property name="source">C:\\Users\\lieuhuynh\\Katalon Studio\\shopping-cart-tests\\Test Cases\\home\\my account\\login\\component\\inputLoginForm.tc</property>
  <property name="tag"></property>
  <property name="isOptional">false</property>
</record>
<record>
  <date>2019-08-13T14:03:08</date>
  <millis>1565679788803</millis>
  <sequence>119</sequence>
  <level>INFO</level>
  <class>com.kms.katalon.core.logging.XmlKeywordLogger</class>
  <method>logMessage</method>
  <thread>1</thread>
  <message>username = customer</message>
  <nestedLevel>2</nestedLevel>
</record>
<record>
  <date>2019-08-13T14:03:08</date>
  <millis>1565679788803</millis>
  <sequence>120</sequence>
  <level>INFO</level>
  <class>com.kms.katalon.core.logging.XmlKeywordLogger</class>
  <method>logMessage</method>
  <thread>1</thread>
  <message>password = 123456789</message>
  <nestedLevel>2</nestedLevel>
</record>
<record>
  <date>2019-08-13T14:03:08</date>
  <millis>1565679788939</millis>
  <sequence>121</sequence>
  <level>START</level>
  <class>com.kms.katalon.core.logging.XmlKeywordLogger</class>
  <method>startKeyword</method>
  <thread>1</thread>
  <message>Start action : txtUsername = findTestObject(\&amp;quot;my account page/txtUsername\&amp;quot;)</message>
  <nestedLevel>1</nestedLevel>
  <property name="startLine">17</property>
  <property name="stepIndex">1</property>
  <property name="description">get Username textbox</property>
</record>
<record>
  <date>2019-08-13T14:03:09</date>
  <millis>1565679789017</millis>
  <sequence>123</sequence>
  <level>END</level>
  <class>com.kms.katalon.core.logging.XmlKeywordLogger</class>
  <method>endKeyword</method>
  <thread>1</thread>
  <message>End action : txtUsername = findTestObject(\&amp;quot;my account page/txtUsername\&amp;quot;)</message>
  <nestedLevel>1</nestedLevel>
</record>
<record>
  <date>2019-08-13T14:03:09</date>
  <millis>1565679789017</millis>
  <sequence>124</sequence>
  <level>START</level>
  <class>com.kms.katalon.core.logging.XmlKeywordLogger</class>
  <method>startKeyword</method>
  <thread>1</thread>
  <message>Start action : setText(txtUsername, username)</message>
  <nestedLevel>1</nestedLevel>
  <property name="startLine">20</property>
  <property name="stepIndex">2</property>
  <property name="description">input Username</property>
</record>
<record>
  <date>2019-08-13T14:03:09</date>
  <millis>1565679789121</millis>
  <sequence>132</sequence>
  <level>PASSED</level>
  <class>com.kms.katalon.core.logging.XmlKeywordLogger</class>
  <method>logMessage</method>
  <thread>1</thread>
  <message>Text &amp;apos;customer&amp;apos; is set on object &amp;apos;Object Repository/my account page/txtUsername&amp;apos;</message>
  <nestedLevel>2</nestedLevel>
</record>
<record>
  <date>2019-08-13T14:03:09</date>
  <millis>1565679789122</millis>
  <sequence>133</sequence>
  <level>END</level>
  <class>com.kms.katalon.core.logging.XmlKeywordLogger</class>
  <method>endKeyword</method>
  <thread>1</thread>
  <message>End action : setText(txtUsername, username)</message>
  <nestedLevel>1</nestedLevel>
</record>
<record>
  <date>2019-08-13T14:03:09</date>
  <millis>1565679789122</millis>
  <sequence>134</sequence>
  <level>START</level>
  <class>com.kms.katalon.core.logging.XmlKeywordLogger</class>
  <method>startKeyword</method>
  <thread>1</thread>
  <message>Start action : txtPassword = findTestObject(\&amp;quot;my account page/txtPassword\&amp;quot;)</message>
  <nestedLevel>1</nestedLevel>
  <property name="startLine">23</property>
  <property name="stepIndex">3</property>
  <property name="description">get Password textbox</property>
</record>
<record>
  <date>2019-08-13T14:03:09</date>
  <millis>1565679789181</millis>
  <sequence>136</sequence>
  <level>END</level>
  <class>com.kms.katalon.core.logging.XmlKeywordLogger</class>
  <method>endKeyword</method>
  <thread>1</thread>
  <message>End action : txtPassword = findTestObject(\&amp;quot;my account page/txtPassword\&amp;quot;)</message>
  <nestedLevel>1</nestedLevel>
</record>
<record>
  <date>2019-08-13T14:03:09</date>
  <millis>1565679789181</millis>
  <sequence>137</sequence>
  <level>START</level>
  <class>com.kms.katalon.core.logging.XmlKeywordLogger</class>
  <method>startKeyword</method>
  <thread>1</thread>
  <message>Start action : setText(txtPassword, password)</message>
  <nestedLevel>1</nestedLevel>
  <property name="startLine">26</property>
  <property name="stepIndex">4</property>
  <property name="description">input Password</property>
</record>
<record>
  <date>2019-08-13T14:03:09</date>
  <millis>1565679789254</millis>
  <sequence>145</sequence>
  <level>PASSED</level>
  <class>com.kms.katalon.core.logging.XmlKeywordLogger</class>
  <method>logMessage</method>
  <thread>1</thread>
  <message>Text &amp;apos;123456789&amp;apos; is set on object &amp;apos;Object Repository/my account page/txtPassword&amp;apos;</message>
  <nestedLevel>2</nestedLevel>
</record>
<record>
  <date>2019-08-13T14:03:09</date>
  <millis>1565679789254</millis>
  <sequence>146</sequence>
  <level>END</level>
  <class>com.kms.katalon.core.logging.XmlKeywordLogger</class>
  <method>endKeyword</method>
  <thread>1</thread>
  <message>End action : setText(txtPassword, password)</message>
  <nestedLevel>1</nestedLevel>
</record>
<record>
  <date>2019-08-13T14:03:09</date>
  <millis>1565679789255</millis>
  <sequence>147</sequence>
  <level>START</level>
  <class>com.kms.katalon.core.logging.XmlKeywordLogger</class>
  <method>startKeyword</method>
  <thread>1</thread>
  <message>Start action : btnLogin = findTestObject(\&amp;quot;my account page/btnLogin\&amp;quot;)</message>
  <nestedLevel>1</nestedLevel>
  <property name="startLine">29</property>
  <property name="stepIndex">5</property>
  <property name="description">get Login button</property>
</record>
<record>
  <date>2019-08-13T14:03:09</date>
  <millis>1565679789302</millis>
  <sequence>149</sequence>
  <level>END</level>
  <class>com.kms.katalon.core.logging.XmlKeywordLogger</class>
  <method>endKeyword</method>
  <thread>1</thread>
  <message>End action : btnLogin = findTestObject(\&amp;quot;my account page/btnLogin\&amp;quot;)</message>
  <nestedLevel>1</nestedLevel>
</record>
<record>
  <date>2019-08-13T14:03:09</date>
  <millis>1565679789302</millis>
  <sequence>150</sequence>
  <level>START</level>
  <class>com.kms.katalon.core.logging.XmlKeywordLogger</class>
  <method>startKeyword</method>
  <thread>1</thread>
  <message>Start action : click(btnLogin)</message>
  <nestedLevel>1</nestedLevel>
  <property name="startLine">32</property>
  <property name="stepIndex">6</property>
  <property name="description">click Login button</property>
</record>
<record>
  <date>2019-08-13T14:03:11</date>
  <millis>1565679791981</millis>
  <sequence>156</sequence>
  <level>PASSED</level>
  <class>com.kms.katalon.core.logging.XmlKeywordLogger</class>
  <method>logMessage</method>
  <thread>1</thread>
  <message>Object: &amp;apos;Object Repository/my account page/btnLogin&amp;apos; is clicked on</message>
  <nestedLevel>2</nestedLevel>
</record>
<record>
  <date>2019-08-13T14:03:11</date>
  <millis>1565679791981</millis>
  <sequence>157</sequence>
  <level>END</level>
  <class>com.kms.katalon.core.logging.XmlKeywordLogger</class>
  <method>endKeyword</method>
  <thread>1</thread>
  <message>End action : click(btnLogin)</message>
  <nestedLevel>1</nestedLevel>
</record>
<record>
  <date>2019-08-13T14:03:11</date>
  <millis>1565679791982</millis>
  <sequence>158</sequence>
  <level>PASSED</level>
  <class>com.kms.katalon.core.logging.XmlKeywordLogger</class>
  <method>logMessage</method>
  <thread>1</thread>
  <message>Test Cases/home/my account/login/component/inputLoginForm</message>
  <nestedLevel>2</nestedLevel>
</record>
<record>
  <date>2019-08-13T14:03:11</date>
  <millis>1565679791982</millis>
  <sequence>159</sequence>
  <level>END</level>
  <class>com.kms.katalon.core.logging.XmlKeywordLogger</class>
  <method>endTest</method>
  <thread>1</thread>
  <message>End Test Case : Test Cases/home/my account/login/component/inputLoginForm</message>
  <nestedLevel>1</nestedLevel>
</record>
<record>
  <date>2019-08-13T14:03:11</date>
  <millis>1565679791983</millis>
  <sequence>160</sequence>
  <level>PASSED</level>
  <class>com.kms.katalon.core.logging.XmlKeywordLogger</class>
  <method>logMessage</method>
  <thread>1</thread>
  <message>Call Test Case &amp;apos;Test Cases/home/my account/login/component/inputLoginForm&amp;apos; successfully</message>
  <nestedLevel>1</nestedLevel>
</record>
<record>
  <date>2019-08-13T14:03:11</date>
  <millis>1565679791984</millis>
  <sequence>161</sequence>
  <level>END</level>
  <class>com.kms.katalon.core.logging.XmlKeywordLogger</class>
  <method>endKeyword</method>
  <thread>1</thread>
  <message>End action : callTestCase(inputForm, [\&amp;quot;username\&amp;quot;:username, \&amp;quot;password\&amp;quot;:password])</message>
  <nestedLevel>1</nestedLevel>
</record>
<record>
  <date>2019-08-13T14:03:11</date>
  <millis>1565679791984</millis>
  <sequence>162</sequence>
  <level>START</level>
  <class>com.kms.katalon.core.logging.XmlKeywordLogger</class>
  <method>startKeyword</method>
  <thread>1</thread>
  <message>Start action : myaccountNavigation = findTestObject(\&amp;quot;navigation bar/myaccountNavigation\&amp;quot;)</message>
  <nestedLevel>1</nestedLevel>
  <property name="startLine">28</property>
  <property name="stepIndex">6</property>
  <property name="description">verify my account Navigation</property>
</record>
<record>
  <date>2019-08-13T14:03:12</date>
  <millis>1565679792022</millis>
  <sequence>164</sequence>
  <level>END</level>
  <class>com.kms.katalon.core.logging.XmlKeywordLogger</class>
  <method>endKeyword</method>
  <thread>1</thread>
  <message>End action : myaccountNavigation = findTestObject(\&amp;quot;navigation bar/myaccountNavigation\&amp;quot;)</message>
  <nestedLevel>1</nestedLevel>
</record>
<record>
  <date>2019-08-13T14:03:12</date>
  <millis>1565679792022</millis>
  <sequence>165</sequence>
  <level>START</level>
  <class>com.kms.katalon.core.logging.XmlKeywordLogger</class>
  <method>startKeyword</method>
  <thread>1</thread>
  <message>Start action : verifyElementPresent(myaccountNavigation, waitPresentTimeout)</message>
  <nestedLevel>1</nestedLevel>
  <property name="startLine">29</property>
  <property name="stepIndex">7</property>
</record>
<record>
  <date>2019-08-13T14:03:12</date>
  <millis>1565679792043</millis>
  <sequence>170</sequence>
  <level>PASSED</level>
  <class>com.kms.katalon.core.logging.XmlKeywordLogger</class>
  <method>logMessage</method>
  <thread>1</thread>
  <message>Object &amp;apos;Object Repository/navigation bar/myaccountNavigation&amp;apos; is present</message>
  <nestedLevel>1</nestedLevel>
</record>
<record>
  <date>2019-08-13T14:03:12</date>
  <millis>1565679792043</millis>
  <sequence>171</sequence>
  <level>END</level>
  <class>com.kms.katalon.core.logging.XmlKeywordLogger</class>
  <method>endKeyword</method>
  <thread>1</thread>
  <message>End action : verifyElementPresent(myaccountNavigation, waitPresentTimeout)</message>
  <nestedLevel>1</nestedLevel>
</record>
<record>
  <date>2019-08-13T14:03:12</date>
  <millis>1565679792043</millis>
  <sequence>172</sequence>
  <level>PASSED</level>
  <class>com.kms.katalon.core.logging.XmlKeywordLogger</class>
  <method>logMessage</method>
  <thread>1</thread>
  <message>Test Cases/home/my account/login/TC_Verify Sign in function</message>
  <nestedLevel>1</nestedLevel>
</record>
<record>
  <date>2019-08-13T14:03:12</date>
  <millis>1565679792043</millis>
  <sequence>173</sequence>
  <level>START</level>
  <class>com.kms.katalon.core.logging.XmlKeywordLogger</class>
  <method>startKeyword</method>
  <thread>1</thread>
  <message>Start listener action : autoUpdateJobStatus</message>
  <nestedLevel>1</nestedLevel>
</record>
<record>
  <date>2019-08-13T14:03:12</date>
  <millis>1565679792044</millis>
  <sequence>175</sequence>
  <level>INFO</level>
  <class>com.kms.katalon.core.logging.XmlKeywordLogger</class>
  <method>logMessage</method>
  <thread>1</thread>
  <message>[SAUCELABS] Current run configuration: Chrome</message>
  <nestedLevel>1</nestedLevel>
</record>
<record>
  <date>2019-08-13T14:03:12</date>
  <millis>1565679792044</millis>
  <sequence>177</sequence>
  <level>END</level>
  <class>com.kms.katalon.core.logging.XmlKeywordLogger</class>
  <method>endKeyword</method>
  <thread>1</thread>
  <message>End listener action : autoUpdateJobStatus</message>
  <nestedLevel>1</nestedLevel>
</record>
<record>
  <date>2019-08-13T14:03:12</date>
  <millis>1565679792044</millis>
  <sequence>178</sequence>
  <level>END</level>
  <class>com.kms.katalon.core.logging.XmlKeywordLogger</class>
  <method>endTest</method>
  <thread>1</thread>
  <message>End Test Case : Test Cases/home/my account/login/TC_Verify Sign in function</message>
  <nestedLevel>0</nestedLevel>
</record>
<record>
  <date>2019-08-13T14:03:12</date>
  <millis>1565679792048</millis>
  <sequence>179</sequence>
  <level>START</level>
  <class>com.kms.katalon.core.logging.XmlKeywordLogger</class>
  <method>startTest</method>
  <thread>1</thread>
  <message>Start Test Case : Test Cases/home/my account/logout/Logout</message>
  <nestedLevel>1</nestedLevel>
  <property name="name">Test Cases/home/my account/logout/Logout</property>
  <property name="description"></property>
  <property name="id">Test Cases/home/my account/logout/Logout</property>
  <property name="source">C:\\Users\\lieuhuynh\\Katalon Studio\\shopping-cart-tests\\Test Cases\\home\\my account\\logout\\Logout.tc</property>
  <property name="tag"></property>
  <property name="isOptional">false</property>
</record>
<record>
  <date>2019-08-13T14:03:12</date>
  <millis>1565679792059</millis>
  <sequence>181</sequence>
  <level>INFO</level>
  <class>com.kms.katalon.core.logging.XmlKeywordLogger</class>
  <method>logMessage</method>
  <thread>1</thread>
  <message>(Default) Logout = myAccount.logout</message>
  <nestedLevel>1</nestedLevel>
</record>
<record>
  <date>2019-08-13T14:03:12</date>
  <millis>1565679792062</millis>
  <sequence>182</sequence>
  <level>START</level>
  <class>com.kms.katalon.core.logging.XmlKeywordLogger</class>
  <method>startKeyword</method>
  <thread>1</thread>
  <message>Start listener action : enableSauceLabs</message>
  <nestedLevel>1</nestedLevel>
</record>
<record>
  <date>2019-08-13T14:03:12</date>
  <millis>1565679792062</millis>
  <sequence>184</sequence>
  <level>INFO</level>
  <class>com.kms.katalon.core.logging.XmlKeywordLogger</class>
  <method>logMessage</method>
  <thread>1</thread>
  <message>[SAUCELABS] Current run configuration: Chrome</message>
  <nestedLevel>1</nestedLevel>
</record>
<record>
  <date>2019-08-13T14:03:12</date>
  <millis>1565679792062</millis>
  <sequence>185</sequence>
  <level>INFO</level>
  <class>com.kms.katalon.core.logging.XmlKeywordLogger</class>
  <method>logMessage</method>
  <thread>1</thread>
  <message>[SAUCELABS] Saucelabs Plugin will not attempt to auto update job status and information !</message>
  <nestedLevel>1</nestedLevel>
</record>
<record>
  <date>2019-08-13T14:03:12</date>
  <millis>1565679792062</millis>
  <sequence>187</sequence>
  <level>END</level>
  <class>com.kms.katalon.core.logging.XmlKeywordLogger</class>
  <method>endKeyword</method>
  <thread>1</thread>
  <message>End listener action : enableSauceLabs</message>
  <nestedLevel>1</nestedLevel>
</record>
<record>
  <date>2019-08-13T14:03:12</date>
  <millis>1565679792227</millis>
  <sequence>188</sequence>
  <level>START</level>
  <class>com.kms.katalon.core.logging.XmlKeywordLogger</class>
  <method>startKeyword</method>
  <thread>1</thread>
  <message>Start action : logoutText = callTestCase(findTestCase(\&amp;quot;data/general/getObjectText\&amp;quot;), [\&amp;quot;elemLabel\&amp;quot;:Logout])</message>
  <nestedLevel>1</nestedLevel>
  <property name="startLine">17</property>
  <property name="stepIndex">1</property>
  <property name="description">get logout object text</property>
</record>
<record>
  <date>2019-08-13T14:03:12</date>
  <millis>1565679792287</millis>
  <sequence>191</sequence>
  <level>START</level>
  <class>com.kms.katalon.core.logging.XmlKeywordLogger</class>
  <method>startTest</method>
  <thread>1</thread>
  <message>Start Test Case : Test Cases/data/general/getObjectText</message>
  <nestedLevel>2</nestedLevel>
  <property name="name">Test Cases/data/general/getObjectText</property>
  <property name="description"></property>
  <property name="id">Test Cases/data/general/getObjectText</property>
  <property name="source">C:\\Users\\lieuhuynh\\Katalon Studio\\shopping-cart-tests\\Test Cases\\data\\general\\getObjectText.tc</property>
  <property name="tag"></property>
  <property name="isOptional">false</property>
</record>
<record>
  <date>2019-08-13T14:03:12</date>
  <millis>1565679792292</millis>
  <sequence>193</sequence>
  <level>INFO</level>
  <class>com.kms.katalon.core.logging.XmlKeywordLogger</class>
  <method>logMessage</method>
  <thread>1</thread>
  <message>elemLabel = myAccount.logout</message>
  <nestedLevel>2</nestedLevel>
</record>
<record>
  <date>2019-08-13T14:03:12</date>
  <millis>1565679792427</millis>
  <sequence>194</sequence>
  <level>START</level>
  <class>com.kms.katalon.core.logging.XmlKeywordLogger</class>
  <method>startKeyword</method>
  <thread>1</thread>
  <message>Start action : getText = findTestCase(\&amp;quot;data/general/getValueInDataFile\&amp;quot;)</message>
  <nestedLevel>1</nestedLevel>
  <property name="startLine">16</property>
  <property name="stepIndex">1</property>
</record>
<record>
  <date>2019-08-13T14:03:12</date>
  <millis>1565679792430</millis>
  <sequence>195</sequence>
  <level>END</level>
  <class>com.kms.katalon.core.logging.XmlKeywordLogger</class>
  <method>endKeyword</method>
  <thread>1</thread>
  <message>End action : getText = findTestCase(\&amp;quot;data/general/getValueInDataFile\&amp;quot;)</message>
  <nestedLevel>1</nestedLevel>
</record>
<record>
  <date>2019-08-13T14:03:12</date>
  <millis>1565679792430</millis>
  <sequence>196</sequence>
  <level>START</level>
  <class>com.kms.katalon.core.logging.XmlKeywordLogger</class>
  <method>startKeyword</method>
  <thread>1</thread>
  <message>Start action : inputData = new java.util.HashMap()</message>
  <nestedLevel>1</nestedLevel>
  <property name="startLine">18</property>
  <property name="stepIndex">2</property>
</record>
<record>
  <date>2019-08-13T14:03:12</date>
  <millis>1565679792430</millis>
  <sequence>197</sequence>
  <level>END</level>
  <class>com.kms.katalon.core.logging.XmlKeywordLogger</class>
  <method>endKeyword</method>
  <thread>1</thread>
  <message>End action : inputData = new java.util.HashMap()</message>
  <nestedLevel>1</nestedLevel>
</record>
<record>
  <date>2019-08-13T14:03:12</date>
  <millis>1565679792431</millis>
  <sequence>198</sequence>
  <level>START</level>
  <class>com.kms.katalon.core.logging.XmlKeywordLogger</class>
  <method>startKeyword</method>
  <thread>1</thread>
  <message>Start action : inputData.put(\&amp;quot;dataFile\&amp;quot;, \&amp;quot;Constant/Object Texts\&amp;quot;)</message>
  <nestedLevel>1</nestedLevel>
  <property name="startLine">20</property>
  <property name="stepIndex">3</property>
</record>
<record>
  <date>2019-08-13T14:03:12</date>
  <millis>1565679792431</millis>
  <sequence>199</sequence>
  <level>END</level>
  <class>com.kms.katalon.core.logging.XmlKeywordLogger</class>
  <method>endKeyword</method>
  <thread>1</thread>
  <message>End action : inputData.put(\&amp;quot;dataFile\&amp;quot;, \&amp;quot;Constant/Object Texts\&amp;quot;)</message>
  <nestedLevel>1</nestedLevel>
</record>
<record>
  <date>2019-08-13T14:03:12</date>
  <millis>1565679792431</millis>
  <sequence>200</sequence>
  <level>START</level>
  <class>com.kms.katalon.core.logging.XmlKeywordLogger</class>
  <method>startKeyword</method>
  <thread>1</thread>
  <message>Start action : inputData.put(\&amp;quot;inputColumHeader\&amp;quot;, \&amp;quot;Name\&amp;quot;)</message>
  <nestedLevel>1</nestedLevel>
  <property name="startLine">21</property>
  <property name="stepIndex">4</property>
</record>
<record>
  <date>2019-08-13T14:03:12</date>
  <millis>1565679792431</millis>
  <sequence>201</sequence>
  <level>END</level>
  <class>com.kms.katalon.core.logging.XmlKeywordLogger</class>
  <method>endKeyword</method>
  <thread>1</thread>
  <message>End action : inputData.put(\&amp;quot;inputColumHeader\&amp;quot;, \&amp;quot;Name\&amp;quot;)</message>
  <nestedLevel>1</nestedLevel>
</record>
<record>
  <date>2019-08-13T14:03:12</date>
  <millis>1565679792431</millis>
  <sequence>202</sequence>
  <level>START</level>
  <class>com.kms.katalon.core.logging.XmlKeywordLogger</class>
  <method>startKeyword</method>
  <thread>1</thread>
  <message>Start action : inputData.put(\&amp;quot;criteriaText\&amp;quot;, elemLabel)</message>
  <nestedLevel>1</nestedLevel>
  <property name="startLine">22</property>
  <property name="stepIndex">5</property>
</record>
<record>
  <date>2019-08-13T14:03:12</date>
  <millis>1565679792431</millis>
  <sequence>203</sequence>
  <level>END</level>
  <class>com.kms.katalon.core.logging.XmlKeywordLogger</class>
  <method>endKeyword</method>
  <thread>1</thread>
  <message>End action : inputData.put(\&amp;quot;criteriaText\&amp;quot;, elemLabel)</message>
  <nestedLevel>1</nestedLevel>
</record>
<record>
  <date>2019-08-13T14:03:12</date>
  <millis>1565679792432</millis>
  <sequence>204</sequence>
  <level>START</level>
  <class>com.kms.katalon.core.logging.XmlKeywordLogger</class>
  <method>startKeyword</method>
  <thread>1</thread>
  <message>Start action : inputData.put(\&amp;quot;inputColumHeader\&amp;quot;, \&amp;quot;Text\&amp;quot;)</message>
  <nestedLevel>1</nestedLevel>
  <property name="startLine">23</property>
  <property name="stepIndex">6</property>
</record>
<record>
  <date>2019-08-13T14:03:12</date>
  <millis>1565679792432</millis>
  <sequence>205</sequence>
  <level>END</level>
  <class>com.kms.katalon.core.logging.XmlKeywordLogger</class>
  <method>endKeyword</method>
  <thread>1</thread>
  <message>End action : inputData.put(\&amp;quot;inputColumHeader\&amp;quot;, \&amp;quot;Text\&amp;quot;)</message>
  <nestedLevel>1</nestedLevel>
</record>
<record>
  <date>2019-08-13T14:03:12</date>
  <millis>1565679792432</millis>
  <sequence>206</sequence>
  <level>START</level>
  <class>com.kms.katalon.core.logging.XmlKeywordLogger</class>
  <method>startKeyword</method>
  <thread>1</thread>
  <message>Start action : callTestCase(getText, inputData)</message>
  <nestedLevel>1</nestedLevel>
  <property name="startLine">25</property>
  <property name="stepIndex">7</property>
</record>
<record>
  <date>2019-08-13T14:03:12</date>
  <millis>1565679792487</millis>
  <sequence>209</sequence>
  <level>START</level>
  <class>com.kms.katalon.core.logging.XmlKeywordLogger</class>
  <method>startTest</method>
  <thread>1</thread>
  <message>Start Test Case : Test Cases/data/general/getValueInDataFile</message>
  <nestedLevel>3</nestedLevel>
  <property name="name">Test Cases/data/general/getValueInDataFile</property>
  <property name="description"></property>
  <property name="id">Test Cases/data/general/getValueInDataFile</property>
  <property name="source">C:\\Users\\lieuhuynh\\Katalon Studio\\shopping-cart-tests\\Test Cases\\data\\general\\getValueInDataFile.tc</property>
  <property name="tag"></property>
  <property name="isOptional">false</property>
</record>
<record>
  <date>2019-08-13T14:03:12</date>
  <millis>1565679792492</millis>
  <sequence>211</sequence>
  <level>INFO</level>
  <class>com.kms.katalon.core.logging.XmlKeywordLogger</class>
  <method>logMessage</method>
  <thread>1</thread>
  <message>dataFile = Constant/Object Texts</message>
  <nestedLevel>3</nestedLevel>
</record>
<record>
  <date>2019-08-13T14:03:12</date>
  <millis>1565679792492</millis>
  <sequence>212</sequence>
  <level>INFO</level>
  <class>com.kms.katalon.core.logging.XmlKeywordLogger</class>
  <method>logMessage</method>
  <thread>1</thread>
  <message>inputColumHeader = Text</message>
  <nestedLevel>3</nestedLevel>
</record>
<record>
  <date>2019-08-13T14:03:12</date>
  <millis>1565679792493</millis>
  <sequence>213</sequence>
  <level>INFO</level>
  <class>com.kms.katalon.core.logging.XmlKeywordLogger</class>
  <method>logMessage</method>
  <thread>1</thread>
  <message>criteriaText = myAccount.logout</message>
  <nestedLevel>3</nestedLevel>
</record>
<record>
  <date>2019-08-13T14:03:12</date>
  <millis>1565679792498</millis>
  <sequence>214</sequence>
  <level>INFO</level>
  <class>com.kms.katalon.core.logging.XmlKeywordLogger</class>
  <method>logMessage</method>
  <thread>1</thread>
  <message>(Default) outputColumHeader = </message>
  <nestedLevel>3</nestedLevel>
</record>
<record>
  <date>2019-08-13T14:03:12</date>
  <millis>1565679792499</millis>
  <sequence>215</sequence>
  <level>START</level>
  <class>com.kms.katalon.core.logging.XmlKeywordLogger</class>
  <method>startKeyword</method>
  <thread>1</thread>
  <message>Start action : outputValue = \&amp;quot;\&amp;quot;</message>
  <nestedLevel>1</nestedLevel>
  <property name="startLine">16</property>
  <property name="stepIndex">1</property>
</record>
<record>
  <date>2019-08-13T14:03:12</date>
  <millis>1565679792500</millis>
  <sequence>216</sequence>
  <level>END</level>
  <class>com.kms.katalon.core.logging.XmlKeywordLogger</class>
  <method>endKeyword</method>
  <thread>1</thread>
  <message>End action : outputValue = \&amp;quot;\&amp;quot;</message>
  <nestedLevel>1</nestedLevel>
</record>
<record>
  <date>2019-08-13T14:03:12</date>
  <millis>1565679792500</millis>
  <sequence>217</sequence>
  <level>START</level>
  <class>com.kms.katalon.core.logging.XmlKeywordLogger</class>
  <method>startKeyword</method>
  <thread>1</thread>
  <message>Start action : urlList = findTestData(dataFile)</message>
  <nestedLevel>1</nestedLevel>
  <property name="startLine">17</property>
  <property name="stepIndex">2</property>
</record>
<record>
  <date>2019-08-13T14:03:12</date>
  <millis>1565679792523</millis>
  <sequence>222</sequence>
  <level>END</level>
  <class>com.kms.katalon.core.logging.XmlKeywordLogger</class>
  <method>endKeyword</method>
  <thread>1</thread>
  <message>End action : urlList = findTestData(dataFile)</message>
  <nestedLevel>1</nestedLevel>
</record>
<record>
  <date>2019-08-13T14:03:12</date>
  <millis>1565679792523</millis>
  <sequence>223</sequence>
  <level>START</level>
  <class>com.kms.katalon.core.logging.XmlKeywordLogger</class>
  <method>startKeyword</method>
  <thread>1</thread>
  <message>Start action : for ([i = 0, i &amp;lt; urlList.getRowNumbers(), (i++)])</message>
  <nestedLevel>1</nestedLevel>
  <property name="startLine">19</property>
  <property name="stepIndex">3</property>
</record>
<record>
  <date>2019-08-13T14:03:12</date>
  <millis>1565679792523</millis>
  <sequence>224</sequence>
  <level>START</level>
  <class>com.kms.katalon.core.logging.XmlKeywordLogger</class>
  <method>startKeyword</method>
  <thread>1</thread>
  <message>Start action : comparedValue = urlList.internallyGetValue(inputColumHeader, i)</message>
  <nestedLevel>2</nestedLevel>
  <property name="startLine">20</property>
  <property name="stepIndex">1</property>
</record>
<record>
  <date>2019-08-13T14:03:12</date>
  <millis>1565679792524</millis>
  <sequence>225</sequence>
  <level>END</level>
  <class>com.kms.katalon.core.logging.XmlKeywordLogger</class>
  <method>endKeyword</method>
  <thread>1</thread>
  <message>End action : comparedValue = urlList.internallyGetValue(inputColumHeader, i)</message>
  <nestedLevel>2</nestedLevel>
</record>
<record>
  <date>2019-08-13T14:03:12</date>
  <millis>1565679792525</millis>
  <sequence>226</sequence>
  <level>START</level>
  <class>com.kms.katalon.core.logging.XmlKeywordLogger</class>
  <method>startKeyword</method>
  <thread>1</thread>
  <message>Start action : if (comparedValue.equalsIgnoreCase(criteriaText))</message>
  <nestedLevel>2</nestedLevel>
  <property name="startLine">21</property>
  <property name="stepIndex">2</property>
</record>
<record>
  <date>2019-08-13T14:03:12</date>
  <millis>1565679792525</millis>
  <sequence>227</sequence>
  <level>END</level>
  <class>com.kms.katalon.core.logging.XmlKeywordLogger</class>
  <method>endKeyword</method>
  <thread>1</thread>
  <message>End action : if (comparedValue.equalsIgnoreCase(criteriaText))</message>
  <nestedLevel>2</nestedLevel>
</record>
<record>
  <date>2019-08-13T14:03:12</date>
  <millis>1565679792525</millis>
  <sequence>228</sequence>
  <level>END</level>
  <class>com.kms.katalon.core.logging.XmlKeywordLogger</class>
  <method>endKeyword</method>
  <thread>1</thread>
  <message>End action : for ([i = 0, i &amp;lt; urlList.getRowNumbers(), (i++)])</message>
  <nestedLevel>1</nestedLevel>
</record>
<record>
  <date>2019-08-13T14:03:12</date>
  <millis>1565679792525</millis>
  <sequence>229</sequence>
  <level>START</level>
  <class>com.kms.katalon.core.logging.XmlKeywordLogger</class>
  <method>startKeyword</method>
  <thread>1</thread>
  <message>Start action : return outputValue</message>
  <nestedLevel>1</nestedLevel>
  <property name="startLine">26</property>
  <property name="stepIndex">4</property>
</record>
<record>
  <date>2019-08-13T14:03:12</date>
  <millis>1565679792525</millis>
  <sequence>230</sequence>
  <level>END</level>
  <class>com.kms.katalon.core.logging.XmlKeywordLogger</class>
  <method>endKeyword</method>
  <thread>1</thread>
  <message>End action : return outputValue</message>
  <nestedLevel>1</nestedLevel>
</record>
<record>
  <date>2019-08-13T14:03:12</date>
  <millis>1565679792525</millis>
  <sequence>231</sequence>
  <level>PASSED</level>
  <class>com.kms.katalon.core.logging.XmlKeywordLogger</class>
  <method>logMessage</method>
  <thread>1</thread>
  <message>Test Cases/data/general/getValueInDataFile</message>
  <nestedLevel>3</nestedLevel>
</record>
<record>
  <date>2019-08-13T14:03:12</date>
  <millis>1565679792526</millis>
  <sequence>232</sequence>
  <level>END</level>
  <class>com.kms.katalon.core.logging.XmlKeywordLogger</class>
  <method>endTest</method>
  <thread>1</thread>
  <message>End Test Case : Test Cases/data/general/getValueInDataFile</message>
  <nestedLevel>2</nestedLevel>
</record>
<record>
  <date>2019-08-13T14:03:12</date>
  <millis>1565679792526</millis>
  <sequence>233</sequence>
  <level>PASSED</level>
  <class>com.kms.katalon.core.logging.XmlKeywordLogger</class>
  <method>logMessage</method>
  <thread>1</thread>
  <message>Call Test Case &amp;apos;Test Cases/data/general/getValueInDataFile&amp;apos; successfully</message>
  <nestedLevel>2</nestedLevel>
</record>
<record>
  <date>2019-08-13T14:03:12</date>
  <millis>1565679792526</millis>
  <sequence>234</sequence>
  <level>END</level>
  <class>com.kms.katalon.core.logging.XmlKeywordLogger</class>
  <method>endKeyword</method>
  <thread>1</thread>
  <message>End action : callTestCase(getText, inputData)</message>
  <nestedLevel>1</nestedLevel>
</record>
<record>
  <date>2019-08-13T14:03:12</date>
  <millis>1565679792526</millis>
  <sequence>235</sequence>
  <level>PASSED</level>
  <class>com.kms.katalon.core.logging.XmlKeywordLogger</class>
  <method>logMessage</method>
  <thread>1</thread>
  <message>Test Cases/data/general/getObjectText</message>
  <nestedLevel>2</nestedLevel>
</record>
<record>
  <date>2019-08-13T14:03:12</date>
  <millis>1565679792526</millis>
  <sequence>236</sequence>
  <level>END</level>
  <class>com.kms.katalon.core.logging.XmlKeywordLogger</class>
  <method>endTest</method>
  <thread>1</thread>
  <message>End Test Case : Test Cases/data/general/getObjectText</message>
  <nestedLevel>1</nestedLevel>
</record>
<record>
  <date>2019-08-13T14:03:12</date>
  <millis>1565679792526</millis>
  <sequence>237</sequence>
  <level>PASSED</level>
  <class>com.kms.katalon.core.logging.XmlKeywordLogger</class>
  <method>logMessage</method>
  <thread>1</thread>
  <message>Call Test Case &amp;apos;Test Cases/data/general/getObjectText&amp;apos; successfully</message>
  <nestedLevel>1</nestedLevel>
</record>
<record>
  <date>2019-08-13T14:03:12</date>
  <millis>1565679792527</millis>
  <sequence>238</sequence>
  <level>END</level>
  <class>com.kms.katalon.core.logging.XmlKeywordLogger</class>
  <method>endKeyword</method>
  <thread>1</thread>
  <message>End action : logoutText = callTestCase(findTestCase(\&amp;quot;data/general/getObjectText\&amp;quot;), [\&amp;quot;elemLabel\&amp;quot;:Logout])</message>
  <nestedLevel>1</nestedLevel>
</record>
<record>
  <date>2019-08-13T14:03:12</date>
  <millis>1565679792527</millis>
  <sequence>239</sequence>
  <level>START</level>
  <class>com.kms.katalon.core.logging.XmlKeywordLogger</class>
  <method>startKeyword</method>
  <thread>1</thread>
  <message>Start action : lnkLogout = findTestObject(\&amp;quot;my account page/lnkLogout\&amp;quot;, [\&amp;quot;lnkLogout\&amp;quot;:logoutText])</message>
  <nestedLevel>1</nestedLevel>
  <property name="startLine">18</property>
  <property name="stepIndex">2</property>
</record>
<record>
  <date>2019-08-13T14:03:12</date>
  <millis>1565679792579</millis>
  <sequence>241</sequence>
  <level>END</level>
  <class>com.kms.katalon.core.logging.XmlKeywordLogger</class>
  <method>endKeyword</method>
  <thread>1</thread>
  <message>End action : lnkLogout = findTestObject(\&amp;quot;my account page/lnkLogout\&amp;quot;, [\&amp;quot;lnkLogout\&amp;quot;:logoutText])</message>
  <nestedLevel>1</nestedLevel>
</record>
<record>
  <date>2019-08-13T14:03:12</date>
  <millis>1565679792580</millis>
  <sequence>242</sequence>
  <level>START</level>
  <class>com.kms.katalon.core.logging.XmlKeywordLogger</class>
  <method>startKeyword</method>
  <thread>1</thread>
  <message>Start action : clickUsingJS.clickUsingJS(lnkLogout, waitPresentTimeout)</message>
  <nestedLevel>1</nestedLevel>
  <property name="startLine">21</property>
  <property name="stepIndex">3</property>
  <property name="description">click logout link</property>
</record>
<record>
  <date>2019-08-13T14:03:12</date>
  <millis>1565679792580</millis>
  <sequence>243</sequence>
  <level>END</level>
  <class>com.kms.katalon.core.logging.XmlKeywordLogger</class>
  <method>endKeyword</method>
  <thread>1</thread>
  <message>End action : clickUsingJS.clickUsingJS(lnkLogout, waitPresentTimeout)</message>
  <nestedLevel>1</nestedLevel>
</record>
<record>
  <date>2019-08-13T14:03:12</date>
  <millis>1565679792591</millis>
  <sequence>245</sequence>
  <level>ERROR</level>
  <class>com.kms.katalon.core.logging.XmlKeywordLogger</class>
  <method>logMessage</method>
  <thread>1</thread>
  <message>Test Cases/home/my account/logout/Logout FAILED.\nReason:\ngroovy.lang.MissingPropertyException: No such property: clickUsingJS for class: CustomKeywords\r\n\tat Logout.run(Logout:21)\r\n\tat com.kms.katalon.core.main.ScriptEngine.run(ScriptEngine.java:194)\r\n\tat com.kms.katalon.core.main.ScriptEngine.runScriptAsRawText(ScriptEngine.java:119)\r\n\tat com.kms.katalon.core.main.TestCaseExecutor.runScript(TestCaseExecutor.java:337)\r\n\tat com.kms.katalon.core.main.TestCaseExecutor.doExecute(TestCaseExecutor.java:328)\r\n\tat com.kms.katalon.core.main.TestCaseExecutor.processExecutionPhase(TestCaseExecutor.java:307)\r\n\tat com.kms.katalon.core.main.TestCaseExecutor.accessMainPhase(TestCaseExecutor.java:299)\r\n\tat com.kms.katalon.core.main.TestCaseExecutor.execute(TestCaseExecutor.java:233)\r\n\tat com.kms.katalon.core.main.TestSuiteExecutor.accessTestCaseMainPhase(TestSuiteExecutor.java:150)\r\n\tat com.kms.katalon.core.main.TestSuiteExecutor.accessTestSuiteMainPhase(TestSuiteExecutor.java:123)\r\n\tat com.kms.katalon.core.main.TestSuiteExecutor.execute(TestSuiteExecutor.java:87)\r\n\tat com.kms.katalon.core.main.TestCaseMain.startTestSuite(TestCaseMain.java:157)\r\n\tat com.kms.katalon.core.main.TestCaseMain$startTestSuite$0.call(Unknown Source)\r\n\tat TempTestSuite1565679777546.run(TempTestSuite1565679777546.groovy:35)\r\n</message>
  <exception>
    <message>groovy.lang.MissingPropertyException: No such property: clickUsingJS for class: CustomKeywords</message>
    <frame>
      <class>Logout</class>
      <method>run</method>
      <line>21</line>
    </frame>
    <frame>
      <class>com.kms.katalon.core.main.ScriptEngine</class>
      <method>run</method>
      <line>194</line>
    </frame>
    <frame>
      <class>com.kms.katalon.core.main.ScriptEngine</class>
      <method>runScriptAsRawText</method>
      <line>119</line>
    </frame>
    <frame>
      <class>com.kms.katalon.core.main.TestCaseExecutor</class>
      <method>runScript</method>
      <line>337</line>
    </frame>
    <frame>
      <class>com.kms.katalon.core.main.TestCaseExecutor</class>
      <method>doExecute</method>
      <line>328</line>
    </frame>
    <frame>
      <class>com.kms.katalon.core.main.TestCaseExecutor</class>
      <method>processExecutionPhase</method>
      <line>307</line>
    </frame>
    <frame>
      <class>com.kms.katalon.core.main.TestCaseExecutor</class>
      <method>accessMainPhase</method>
      <line>299</line>
    </frame>
    <frame>
      <class>com.kms.katalon.core.main.TestCaseExecutor</class>
      <method>execute</method>
      <line>233</line>
    </frame>
    <frame>
      <class>com.kms.katalon.core.main.TestSuiteExecutor</class>
      <method>accessTestCaseMainPhase</method>
      <line>150</line>
    </frame>
    <frame>
      <class>com.kms.katalon.core.main.TestSuiteExecutor</class>
      <method>accessTestSuiteMainPhase</method>
      <line>123</line>
    </frame>
    <frame>
      <class>com.kms.katalon.core.main.TestSuiteExecutor</class>
      <method>execute</method>
      <line>87</line>
    </frame>
    <frame>
      <class>com.kms.katalon.core.main.TestCaseMain</class>
      <method>startTestSuite</method>
      <line>157</line>
    </frame>
    <frame>
      <class>com.kms.katalon.core.main.TestCaseMain$startTestSuite$0</class>
      <method>call</method>
    </frame>
    <frame>
      <class>TempTestSuite1565679777546</class>
      <method>run</method>
      <line>35</line>
    </frame>
  </exception>
  <nestedLevel>0</nestedLevel>
  <property name="failed.exception.stacktrace">groovy.lang.MissingPropertyException: No such property: clickUsingJS for class: CustomKeywords\r\n\tat Logout.run(Logout:21)\r\n\tat com.kms.katalon.core.main.ScriptEngine.run(ScriptEngine.java:194)\r\n\tat com.kms.katalon.core.main.ScriptEngine.runScriptAsRawText(ScriptEngine.java:119)\r\n\tat com.kms.katalon.core.main.TestCaseExecutor.runScript(TestCaseExecutor.java:337)\r\n\tat com.kms.katalon.core.main.TestCaseExecutor.doExecute(TestCaseExecutor.java:328)\r\n\tat com.kms.katalon.core.main.TestCaseExecutor.processExecutionPhase(TestCaseExecutor.java:307)\r\n\tat com.kms.katalon.core.main.TestCaseExecutor.accessMainPhase(TestCaseExecutor.java:299)\r\n\tat com.kms.katalon.core.main.TestCaseExecutor.execute(TestCaseExecutor.java:233)\r\n\tat com.kms.katalon.core.main.TestSuiteExecutor.accessTestCaseMainPhase(TestSuiteExecutor.java:150)\r\n\tat com.kms.katalon.core.main.TestSuiteExecutor.accessTestSuiteMainPhase(TestSuiteExecutor.java:123)\r\n\tat com.kms.katalon.core.main.TestSuiteExecutor.execute(TestSuiteExecutor.java:87)\r\n\tat com.kms.katalon.core.main.TestCaseMain.startTestSuite(TestCaseMain.java:157)\r\n\tat com.kms.katalon.core.main.TestCaseMain$startTestSuite$0.call(Unknown Source)\r\n\tat TempTestSuite1565679777546.run(TempTestSuite1565679777546.groovy:35)\r\n</property>
  <property name="failed.exception.class">groovy.lang.MissingPropertyException</property>
  <property name="failed.exception.message">No such property: clickUsingJS for class: CustomKeywords</property>
</record>
<record>
  <date>2019-08-13T14:03:12</date>
  <millis>1565679792593</millis>
  <sequence>247</sequence>
  <level>START</level>
  <class>com.kms.katalon.core.logging.XmlKeywordLogger</class>
  <method>startKeyword</method>
  <thread>1</thread>
  <message>Start listener action : autoUpdateJobStatus</message>
  <nestedLevel>1</nestedLevel>
</record>
<record>
  <date>2019-08-13T14:03:12</date>
  <millis>1565679792593</millis>
  <sequence>249</sequence>
  <level>INFO</level>
  <class>com.kms.katalon.core.logging.XmlKeywordLogger</class>
  <method>logMessage</method>
  <thread>1</thread>
  <message>[SAUCELABS] Current run configuration: Chrome</message>
  <nestedLevel>1</nestedLevel>
</record>
<record>
  <date>2019-08-13T14:03:12</date>
  <millis>1565679792593</millis>
  <sequence>251</sequence>
  <level>END</level>
  <class>com.kms.katalon.core.logging.XmlKeywordLogger</class>
  <method>endKeyword</method>
  <thread>1</thread>
  <message>End listener action : autoUpdateJobStatus</message>
  <nestedLevel>1</nestedLevel>
</record>
<record>
  <date>2019-08-13T14:03:12</date>
  <millis>1565679792593</millis>
  <sequence>252</sequence>
  <level>END</level>
  <class>com.kms.katalon.core.logging.XmlKeywordLogger</class>
  <method>endTest</method>
  <thread>1</thread>
  <message>End Test Case : Test Cases/home/my account/logout/Logout</message>
  <nestedLevel>0</nestedLevel>
</record>
<record>
  <date>2019-08-13T14:03:13</date>
  <millis>1565679793306</millis>
  <sequence>253</sequence>
  <level>END</level>
  <class>com.kms.katalon.core.logging.XmlKeywordLogger</class>
  <method>endSuite</method>
  <thread>1</thread>
  <message>End Test Suite : Test Suites/Regression</message>
  <nestedLevel>0</nestedLevel>
</record>
</log>
